<?xml version="1.0" encoding="UTF-8"?>
<!-- Generated by org.testng.reporters.JUnitXMLReporter -->
<testsuite hostname="qa-auto12" ignored="0" name="EDJ_StandardBatchProcessing" tests="2" failures="0" timestamp="01 Sep 2017 02:26:22 GMT" time="84.492" errors="0">
  <testcase name="@BeforeTest BaseMethod" time="0.0" classname="scripts.Maxit.LoginExtends_Demo_DataProv">
    <failure type="java.lang.NullPointerException">
      <![CDATA[java.lang.NullPointerException
	at org.apache.log4j.Category.info(Category.java:663)
	at functionalLibrary.Global.SciLogger.info(SciLogger.java:24)
	at scripts.Maxit.LoginExtends_Demo_DataProv.BaseMethod(LoginExtends_Demo_DataProv.java:47)
	at java.util.concurrent.FutureTask.run(Unknown Source)
	at java.util.concurrent.ThreadPoolExecutor.runWorker(Unknown Source)
	at java.util.concurrent.ThreadPoolExecutor$Worker.run(Unknown Source)
	at java.lang.Thread.run(Unknown Source)
... Removed 14 stack frames]]>
    </failure>
  </testcase> <!-- @BeforeTest BaseMethod -->
  <testcase name="@AfterTest afterTest" time="0.0" classname="scripts.Maxit.LoginExtends_Demo_DataProv">
    <skipped/>
  </testcase> <!-- @AfterTest afterTest -->
  <testcase name="@BeforeTest BaseMethod" time="0.0" classname="scripts.Maxit.LoginExtends_Demo_DataProv">
    <failure type="java.lang.NullPointerException">
      <![CDATA[java.lang.NullPointerException
	at org.apache.log4j.Category.info(Category.java:663)
	at functionalLibrary.Global.SciLogger.info(SciLogger.java:24)
	at scripts.Maxit.LoginExtends_Demo_DataProv.BaseMethod(LoginExtends_Demo_DataProv.java:47)
	at java.util.concurrent.FutureTask.run(Unknown Source)
	at java.util.concurrent.ThreadPoolExecutor.runWorker(Unknown Source)
	at java.util.concurrent.ThreadPoolExecutor$Worker.run(Unknown Source)
	at java.lang.Thread.run(Unknown Source)
... Removed 14 stack frames]]>
    </failure>
  </testcase> <!-- @BeforeTest BaseMethod -->
  <testcase name="@AfterTest afterTest" time="0.0" classname="scripts.Maxit.LoginExtends_Demo_DataProv">
    <skipped/>
  </testcase> <!-- @AfterTest afterTest -->
  <testcase name="PreReq_CheckPoint" time="0.001" classname="scripts.Maxit.LoginExtends_Demo_DataProv">
    <skipped/>
  </testcase> <!-- PreReq_CheckPoint -->
  <testcase name="SearchResult_DataVal_Ledger" time="0.0" classname="scripts.Maxit.LoginExtends_Demo_DataProv">
    <skipped/>
  </testcase> <!-- SearchResult_DataVal_Ledger -->
</testsuite> <!-- EDJ_StandardBatchProcessing -->
