<?xml version="1.0" encoding="UTF-8"?>
<!-- Generated by org.testng.reporters.JUnitXMLReporter -->
<testsuite hostname="qa-auto12" ignored="0" name="MSC_StandardBatchProcessinf" tests="9" failures="0" timestamp="30 Aug 2017 20:12:24 GMT" time="88.29" errors="0">
  <testcase name="PreReq_CheckPoint" time="0.002" classname="scripts.Maxit.LoginExtends_Demo_DataProv"/>
  <testcase name="SearchResult_DataVal_Ledger" time="14.011" classname="scripts.Maxit.LoginExtends_Demo_DataProv"/>
  <testcase name="SearchResult_DataVal_Ledger" time="2.0" classname="scripts.Maxit.LoginExtends_Demo_DataProv"/>
  <testcase name="SearchResult_DataVal_Ledger" time="28.706" classname="scripts.Maxit.LoginExtends_Demo_DataProv"/>
  <testcase name="SearchResult_DataVal_Ledger" time="28.481" classname="scripts.Maxit.LoginExtends_Demo_DataProv"/>
  <testcase name="SearchResult_DataVal_Ledger" time="1.137" classname="scripts.Maxit.LoginExtends_Demo_DataProv"/>
  <testcase name="SearchResult_DataVal_Ledger" time="0.974" classname="scripts.Maxit.LoginExtends_Demo_DataProv"/>
  <testcase name="SearchResult_DataVal_Ledger" time="0.96" classname="scripts.Maxit.LoginExtends_Demo_DataProv"/>
  <testcase name="SearchResult_DataVal_Ledger" time="1.0" classname="scripts.Maxit.LoginExtends_Demo_DataProv"/>
</testsuite> <!-- MSC_StandardBatchProcessinf -->
