<?xml version="1.0" encoding="UTF-8"?>
<!-- Generated by org.testng.reporters.JUnitXMLReporter -->
<testsuite hostname="qa-auto12" ignored="0" name="MSC_StandardBatchProcessing" tests="6" failures="0" timestamp="06 Sep 2017 01:50:01 GMT" time="0.049" errors="0">
  <testcase name="PreReq_CheckPoint" time="0.004" classname="scripts.Maxit.BaseClass"/>
  <testcase name="Ledger" time="0.0" classname="scripts.Maxit.DataValidation_Flow">
    <skipped/>
  </testcase> <!-- Ledger -->
  <testcase name="RawTrades" time="0.0" classname="scripts.Maxit.DataValidation_Flow">
    <skipped/>
  </testcase> <!-- RawTrades -->
  <testcase name="Realized" time="0.0" classname="scripts.Maxit.DataValidation_Flow">
    <skipped/>
  </testcase> <!-- Realized -->
  <testcase name="Unrealized" time="0.0" classname="scripts.Maxit.DataValidation_Flow">
    <skipped/>
  </testcase> <!-- Unrealized -->
  <testcase name="OpenClosed" time="0.0" classname="scripts.Maxit.DataValidation_Flow">
    <skipped/>
  </testcase> <!-- OpenClosed -->
</testsuite> <!-- MSC_StandardBatchProcessing -->
