<?xml version="1.0" encoding="UTF-8"?>
<!-- Generated by org.testng.reporters.JUnitXMLReporter -->
<testsuite hostname="qa-auto12" ignored="0" name="MyTest" tests="9" failures="0" timestamp="30 Aug 2017 18:33:33 GMT" time="151.196" errors="0">
  <testcase name="PreReq_CheckPoint" time="0.003" classname="scripts.Maxit.LoginExtends_Demo_DataProv"/>
  <testcase name="SearchResult_DataVal_Ledger" time="18.237" classname="scripts.Maxit.LoginExtends_Demo_DataProv"/>
  <testcase name="SearchResult_DataVal_Ledger" time="19.28" classname="scripts.Maxit.LoginExtends_Demo_DataProv"/>
  <testcase name="SearchResult_DataVal_Ledger" time="18.932" classname="scripts.Maxit.LoginExtends_Demo_DataProv"/>
  <testcase name="SearchResult_DataVal_Ledger" time="18.882" classname="scripts.Maxit.LoginExtends_Demo_DataProv"/>
  <testcase name="SearchResult_DataVal_Ledger" time="16.736" classname="scripts.Maxit.LoginExtends_Demo_DataProv"/>
  <testcase name="SearchResult_DataVal_Ledger" time="16.672" classname="scripts.Maxit.LoginExtends_Demo_DataProv"/>
  <testcase name="SearchResult_DataVal_Ledger" time="16.144" classname="scripts.Maxit.LoginExtends_Demo_DataProv"/>
  <testcase name="SearchResult_DataVal_Ledger" time="14.817" classname="scripts.Maxit.LoginExtends_Demo_DataProv"/>
</testsuite> <!-- MyTest -->
