<?xml version="1.0" encoding="UTF-8"?>
<!-- Generated by org.testng.reporters.JUnitXMLReporter -->
<testsuite hostname="qa-auto12" ignored="4" name="EDJ_StandardBatchProcessing" tests="9" failures="0" timestamp="06 Sep 2017 02:22:47 GMT" time="167.449" errors="0">
  <testcase name="PreReq_CheckPoint" time="0.004" classname="scripts.Maxit.BaseClass"/>
  <testcase name="Ledger" time="21.232" classname="scripts.Maxit.DataValidation_Flow"/>
  <testcase name="Ledger" time="21.156" classname="scripts.Maxit.DataValidation_Flow"/>
  <testcase name="Ledger" time="20.654" classname="scripts.Maxit.DataValidation_Flow"/>
  <testcase name="Ledger" time="20.543" classname="scripts.Maxit.DataValidation_Flow"/>
  <testcase name="Ledger" time="19.239" classname="scripts.Maxit.DataValidation_Flow"/>
  <testcase name="Ledger" time="19.057" classname="scripts.Maxit.DataValidation_Flow"/>
  <testcase name="Ledger" time="19.067" classname="scripts.Maxit.DataValidation_Flow"/>
  <testcase name="Ledger" time="18.723" classname="scripts.Maxit.DataValidation_Flow"/>
  <testcase name="Realized" time="0.0" classname="scripts.Maxit.DataValidation_Flow">
    <ignored/>
  </testcase> <!-- Realized -->
  <testcase name="RawTrades" time="0.0" classname="scripts.Maxit.DataValidation_Flow">
    <ignored/>
  </testcase> <!-- RawTrades -->
  <testcase name="OpenClosed" time="0.0" classname="scripts.Maxit.DataValidation_Flow">
    <ignored/>
  </testcase> <!-- OpenClosed -->
  <testcase name="Unrealized" time="0.0" classname="scripts.Maxit.DataValidation_Flow">
    <ignored/>
  </testcase> <!-- Unrealized -->
</testsuite> <!-- EDJ_StandardBatchProcessing -->
