<?xml version="1.0" encoding="UTF-8"?>
<!-- Generated by org.testng.reporters.JUnitXMLReporter -->
<testsuite hostname="qa-auto12" ignored="3" name="MSC_StandardBatchProcessing" tests="17" failures="0" timestamp="06 Sep 2017 02:25:12 GMT" time="313.13" errors="0">
  <testcase name="PreReq_CheckPoint" time="0.003" classname="scripts.Maxit.BaseClass"/>
  <testcase name="Ledger" time="20.385" classname="scripts.Maxit.DataValidation_Flow"/>
  <testcase name="Ledger" time="20.496" classname="scripts.Maxit.DataValidation_Flow"/>
  <testcase name="Ledger" time="20.476" classname="scripts.Maxit.DataValidation_Flow"/>
  <testcase name="Ledger" time="20.441" classname="scripts.Maxit.DataValidation_Flow"/>
  <testcase name="Ledger" time="18.997" classname="scripts.Maxit.DataValidation_Flow"/>
  <testcase name="Ledger" time="19.02" classname="scripts.Maxit.DataValidation_Flow"/>
  <testcase name="Ledger" time="19.479" classname="scripts.Maxit.DataValidation_Flow"/>
  <testcase name="Ledger" time="18.671" classname="scripts.Maxit.DataValidation_Flow"/>
  <testcase name="RawTrades" time="18.606" classname="scripts.Maxit.DataValidation_Flow"/>
  <testcase name="RawTrades" time="18.307" classname="scripts.Maxit.DataValidation_Flow"/>
  <testcase name="RawTrades" time="18.247" classname="scripts.Maxit.DataValidation_Flow"/>
  <testcase name="RawTrades" time="18.586" classname="scripts.Maxit.DataValidation_Flow"/>
  <testcase name="RawTrades" time="17.911" classname="scripts.Maxit.DataValidation_Flow"/>
  <testcase name="RawTrades" time="17.83" classname="scripts.Maxit.DataValidation_Flow"/>
  <testcase name="RawTrades" time="17.655" classname="scripts.Maxit.DataValidation_Flow"/>
  <testcase name="RawTrades" time="17.829" classname="scripts.Maxit.DataValidation_Flow"/>
  <testcase name="Realized" time="0.0" classname="scripts.Maxit.DataValidation_Flow">
    <ignored/>
  </testcase> <!-- Realized -->
  <testcase name="OpenClosed" time="0.0" classname="scripts.Maxit.DataValidation_Flow">
    <ignored/>
  </testcase> <!-- OpenClosed -->
  <testcase name="Unrealized" time="0.0" classname="scripts.Maxit.DataValidation_Flow">
    <ignored/>
  </testcase> <!-- Unrealized -->
</testsuite> <!-- MSC_StandardBatchProcessing -->
